<?xml version="1.0" encoding="UTF-8"?>
<!-- Generated by org.testng.reporters.JUnitReportReporter -->
<testsuite name="Cookies.deletecookie" tests="1" time="8.284" ignored="0" failures="0" timestamp="24 Aug 2021 07:04:31 GMT" skipped="0" hostname="LP-5CD120NM2G" errors="0">
  <testcase name="deletecookie1" time="8.284" classname="Cookies.deletecookie"/>
</testsuite> <!-- Cookies.deletecookie -->
