<?xml version="1.0" encoding="UTF-8"?>
<!-- Generated by org.testng.reporters.JUnitReportReporter -->
<testsuite name="Cookies.Addcookies" tests="1" time="8.626" ignored="0" failures="0" timestamp="23 Aug 2021 09:15:24 GMT" skipped="0" hostname="LP-5CD120NM2G" errors="0">
  <testcase name="addcookies" time="8.626" classname="Cookies.Addcookies"/>
</testsuite> <!-- Cookies.Addcookies -->
