<?xml version="1.0" encoding="UTF-8"?>
<!-- Generated by org.testng.reporters.JUnitReportReporter -->
<testsuite name="Cookies.getcookies" tests="1" time="8.928" ignored="0" failures="0" timestamp="23 Aug 2021 10:59:37 GMT" skipped="0" hostname="LP-5CD120NM2G" errors="0">
  <testcase name="test" time="8.928" classname="Cookies.getcookies"/>
</testsuite> <!-- Cookies.getcookies -->
